# JRE version: OpenJDK Runtime Environment Temurin-21.0.3+9 (21.0.3+9) (build 21.0.3+9-LTS)
# Java VM: OpenJDK 64-Bit Server VM Temurin-21.0.3+9 (21.0.3+9-LTS, mixed mode, emulated-client, sharing, tiered, compressed oops, compressed class ptrs, g1 gc, windows-amd64)
GC Precious Log:
 CardTable entry size: 512
 Card Set container configuration: InlinePtr #cards 4 size 8 Array Of Cards #cards 16 size 48 Howl #buckets 8 coarsen threshold 3686 Howl Bitmap #cards 512 size 80 coarsen threshold 460 Card regions per heap region 1 cards per card region 4096
 CPUs: 12 total, 12 available
 Memory: 16016M
 Large Page Support: Disabled
 NUMA Support: Disabled
 Compressed Oops: Enabled (Zero based)
 Heap Region Size: 2M
 Heap Min Capacity: 8M
 Heap Initial Capacity: 252M
 Heap Max Capacity: 4006M
 Pre-touch: Disabled
 Parallel Workers: 10
 Concurrent Workers: 3
 Concurrent Refinement Workers: 10
 Periodic GC: Disabled
Heap:
 garbage-first heap   total 57344K, used 48560K [0x0000000705a00000, 0x0000000800000000)
  region size 2048K, 18 young (36864K), 2 survivors (4096K)
 Metaspace       used 37307K, committed 38016K, reserved 1114112K
  class space    used 4930K, committed 5248K, reserved 1048576K
GC Heap History (20 events):
Event: 9869.656 GC heap after
{Heap after GC invocations=68 (full 20):
 garbage-first heap   total 55296K, used 20782K [0x0000000705a00000, 0x0000000800000000)
  region size 2048K, 1 young (2048K), 1 survivors (2048K)
 Metaspace       used 37343K, committed 38016K, reserved 1114112K
  class space    used 4941K, committed 5248K, reserved 1048576K
}
Event: 10220.413 GC heap before
{Heap before GC invocations=68 (full 20):
 garbage-first heap   total 55296K, used 45358K [0x0000000705a00000, 0x0000000800000000)
  region size 2048K, 13 young (26624K), 1 survivors (2048K)
 Metaspace       used 37343K, committed 38016K, reserved 1114112K
  class space    used 4941K, committed 5248K, reserved 1048576K
}
Event: 10220.417 GC heap after
{Heap after GC invocations=69 (full 20):
 garbage-first heap   total 55296K, used 20787K [0x0000000705a00000, 0x0000000800000000)
  region size 2048K, 1 young (2048K), 1 survivors (2048K)
 Metaspace       used 37343K, committed 38016K, reserved 1114112K
  class space    used 4941K, committed 5248K, reserved 1048576K
}
Event: 13877.092 GC heap before
{Heap before GC invocations=69 (full 20):
 garbage-first heap   total 55296K, used 45363K [0x0000000705a00000, 0x0000000800000000)
  region size 2048K, 13 young (26624K), 1 survivors (2048K)
 Metaspace       used 37374K, committed 38016K, reserved 1114112K
  class space    used 4948K, committed 5248K, reserved 1048576K
}
Event: 13877.095 GC heap after
{Heap after GC invocations=70 (full 20):
 garbage-first heap   total 55296K, used 20822K [0x0000000705a00000, 0x0000000800000000)
  region size 2048K, 1 young (2048K), 1 survivors (2048K)
 Metaspace       used 37374K, committed 38016K, reserved 1114112K
  class space    used 4948K, committed 5248K, reserved 1048576K
}
Event: 14210.129 GC heap before
{Heap before GC invocations=70 (full 20):
 garbage-first heap   total 55296K, used 45398K [0x0000000705a00000, 0x0000000800000000)
  region size 2048K, 13 young (26624K), 1 survivors (2048K)
 Metaspace       used 37374K, committed 38016K, reserved 1114112K
  class space    used 4948K, committed 5248K, reserved 1048576K
}
Event: 14210.134 GC heap after
{Heap after GC invocations=71 (full 20):
 garbage-first heap   total 55296K, used 20812K [0x0000000705a00000, 0x0000000800000000)
  region size 2048K, 1 young (2048K), 1 survivors (2048K)
 Metaspace       used 37374K, committed 38016K, reserved 1114112K
  class space    used 4948K, committed 5248K, reserved 1048576K
}
Event: 14541.366 GC heap before
{Heap before GC invocations=71 (full 20):
 garbage-first heap   total 55296K, used 45388K [0x0000000705a00000, 0x0000000800000000)
  region size 2048K, 13 young (26624K), 1 survivors (2048K)
 Metaspace       used 37374K, committed 38016K, reserved 1114112K
  class space    used 4948K, committed 5248K, reserved 1048576K
}
Event: 14541.368 GC heap after
{Heap after GC invocations=72 (full 20):
 garbage-first heap   total 55296K, used 20835K [0x0000000705a00000, 0x0000000800000000)
  region size 2048K, 1 young (2048K), 1 survivors (2048K)
 Metaspace       used 37374K, committed 38016K, reserved 1114112K
  class space    used 4948K, committed 5248K, reserved 1048576K
}
Event: 14576.969 GC heap before
{Heap before GC invocations=72 (full 20):
 garbage-first heap   total 55296K, used 22883K [0x0000000705a00000, 0x0000000800000000)
  region size 2048K, 3 young (6144K), 1 survivors (2048K)
 Metaspace       used 37380K, committed 38016K, reserved 1114112K
  class space    used 4949K, committed 5248K, reserved 1048576K
}
Event: 14577.008 GC heap after
{Heap after GC invocations=73 (full 21):
 garbage-first heap   total 55296K, used 15346K [0x0000000705a00000, 0x0000000800000000)
  region size 2048K, 0 young (0K), 0 survivors (0K)
 Metaspace       used 37206K, committed 38016K, reserved 1114112K
  class space    used 4909K, committed 5248K, reserved 1048576K
}
Event: 14577.371 GC heap before
{Heap before GC invocations=73 (full 21):
 garbage-first heap   total 55296K, used 48114K [0x0000000705a00000, 0x0000000800000000)
  region size 2048K, 16 young (32768K), 0 survivors (0K)
 Metaspace       used 37359K, committed 38016K, reserved 1114112K
  class space    used 4949K, committed 5248K, reserved 1048576K
}
Event: 14577.374 GC heap after
{Heap after GC invocations=74 (full 21):
 garbage-first heap   total 57344K, used 19520K [0x0000000705a00000, 0x0000000800000000)
  region size 2048K, 2 young (4096K), 2 survivors (4096K)
 Metaspace       used 37359K, committed 38016K, reserved 1114112K
  class space    used 4949K, committed 5248K, reserved 1048576K
}
Event: 14594.171 GC heap before
{Heap before GC invocations=74 (full 21):
 garbage-first heap   total 57344K, used 21568K [0x0000000705a00000, 0x0000000800000000)
  region size 2048K, 4 young (8192K), 2 survivors (4096K)
 Metaspace       used 37415K, committed 38016K, reserved 1114112K
  class space    used 4959K, committed 5248K, reserved 1048576K
}
Event: 14594.203 GC heap after
{Heap after GC invocations=75 (full 22):
 garbage-first heap   total 57344K, used 15764K [0x0000000705a00000, 0x0000000800000000)
  region size 2048K, 0 young (0K), 0 survivors (0K)
 Metaspace       used 37335K, committed 38016K, reserved 1114112K
  class space    used 4940K, committed 5248K, reserved 1048576K
}
Event: 14624.341 GC heap before
{Heap before GC invocations=75 (full 22):
 garbage-first heap   total 57344K, used 46484K [0x0000000705a00000, 0x0000000800000000)
  region size 2048K, 16 young (32768K), 0 survivors (0K)
 Metaspace       used 37357K, committed 38016K, reserved 1114112K
  class space    used 4946K, committed 5248K, reserved 1048576K
}
Event: 14624.372 GC heap after
{Heap after GC invocations=76 (full 23):
 garbage-first heap   total 57344K, used 15874K [0x0000000705a00000, 0x0000000800000000)
  region size 2048K, 0 young (0K), 0 survivors (0K)
 Metaspace       used 37354K, committed 38016K, reserved 1114112K
  class space    used 4945K, committed 5248K, reserved 1048576K
}
Event: 14640.221 GC heap before
{Heap before GC invocations=76 (full 23):
 garbage-first heap   total 57344K, used 46594K [0x0000000705a00000, 0x0000000800000000)
  region size 2048K, 16 young (32768K), 0 survivors (0K)
 Metaspace       used 37371K, committed 38016K, reserved 1114112K
  class space    used 4948K, committed 5248K, reserved 1048576K
}
Event: 14640.255 GC heap after
{Heap after GC invocations=77 (full 24):
 garbage-first heap   total 57344K, used 15798K [0x0000000705a00000, 0x0000000800000000)
  region size 2048K, 0 young (0K), 0 survivors (0K)
 Metaspace       used 37293K, committed 38016K, reserved 1114112K
  class space    used 4927K, committed 5248K, reserved 1048576K
}
Event: 14838.165 GC heap before
{Heap before GC invocations=77 (full 24):
 garbage-first heap   total 57344K, used 46518K [0x0000000705a00000, 0x0000000800000000)
  region size 2048K, 16 young (32768K), 0 survivors (0K)
 Metaspace       used 37307K, committed 38016K, reserved 1114112K
  class space    used 4930K, committed 5248K, reserved 1048576K
}

