# JRE version: OpenJDK Runtime Environment Temurin-21.0.3+9 (21.0.3+9) (build 21.0.3+9-LTS)
# Java VM: OpenJDK 64-Bit Server VM Temurin-21.0.3+9 (21.0.3+9-LTS, mixed mode, emulated-client, sharing, tiered, compressed oops, compressed class ptrs, g1 gc, windows-amd64)
GC Precious Log:
 CardTable entry size: 512
 Card Set container configuration: InlinePtr #cards 4 size 8 Array Of Cards #cards 16 size 48 Howl #buckets 8 coarsen threshold 3686 Howl Bitmap #cards 512 size 80 coarsen threshold 460 Card regions per heap region 1 cards per card region 4096
 CPUs: 12 total, 12 available
 Memory: 16016M
 Large Page Support: Disabled
 NUMA Support: Disabled
 Compressed Oops: Enabled (Zero based)
 Heap Region Size: 2M
 Heap Min Capacity: 8M
 Heap Initial Capacity: 252M
 Heap Max Capacity: 4006M
 Pre-touch: Disabled
 Parallel Workers: 10
 Concurrent Workers: 3
 Concurrent Refinement Workers: 10
 Periodic GC: Disabled
Heap:
 garbage-first heap   total 49152K, used 35308K [0x0000000705a00000, 0x0000000800000000)
  region size 2048K, 11 young (22528K), 0 survivors (0K)
 Metaspace       used 34636K, committed 35520K, reserved 1114112K
  class space    used 4572K, committed 4928K, reserved 1048576K
GC Heap History (20 events):
Event: 1.311 GC heap before
{Heap before GC invocations=6 (full 0):
 garbage-first heap   total 53248K, used 37821K [0x0000000705a00000, 0x0000000800000000)
  region size 2048K, 15 young (30720K), 2 survivors (4096K)
 Metaspace       used 23340K, committed 23744K, reserved 1114112K
  class space    used 3035K, committed 3200K, reserved 1048576K
}
Event: 1.313 GC heap after
{Heap after GC invocations=7 (full 0):
 garbage-first heap   total 155648K, used 12146K [0x0000000705a00000, 0x0000000800000000)
  region size 2048K, 2 young (4096K), 2 survivors (4096K)
 Metaspace       used 23340K, committed 23744K, reserved 1114112K
  class space    used 3035K, committed 3200K, reserved 1048576K
}
Event: 1.682 GC heap before
{Heap before GC invocations=7 (full 0):
 garbage-first heap   total 155648K, used 67442K [0x0000000705a00000, 0x0000000800000000)
  region size 2048K, 31 young (63488K), 2 survivors (4096K)
 Metaspace       used 28561K, committed 29120K, reserved 1114112K
  class space    used 3745K, committed 4032K, reserved 1048576K
}
Event: 1.687 GC heap after
{Heap after GC invocations=8 (full 0):
 garbage-first heap   total 155648K, used 14954K [0x0000000705a00000, 0x0000000800000000)
  region size 2048K, 3 young (6144K), 3 survivors (6144K)
 Metaspace       used 28561K, committed 29120K, reserved 1114112K
  class space    used 3745K, committed 4032K, reserved 1048576K
}
Event: 1.985 GC heap before
{Heap before GC invocations=9 (full 0):
 garbage-first heap   total 61440K, used 60010K [0x0000000705a00000, 0x0000000800000000)
  region size 2048K, 25 young (51200K), 3 survivors (6144K)
 Metaspace       used 32091K, committed 32640K, reserved 1114112K
  class space    used 4250K, committed 4480K, reserved 1048576K
}
Event: 1.989 GC heap after
{Heap after GC invocations=10 (full 0):
 garbage-first heap   total 69632K, used 17198K [0x0000000705a00000, 0x0000000800000000)
  region size 2048K, 4 young (8192K), 4 survivors (8192K)
 Metaspace       used 32091K, committed 32640K, reserved 1114112K
  class space    used 4250K, committed 4480K, reserved 1048576K
}
Event: 75.504 GC heap before
{Heap before GC invocations=10 (full 0):
 garbage-first heap   total 69632K, used 43822K [0x0000000705a00000, 0x0000000800000000)
  region size 2048K, 19 young (38912K), 4 survivors (8192K)
 Metaspace       used 34814K, committed 35520K, reserved 1114112K
  class space    used 4621K, committed 4928K, reserved 1048576K
}
Event: 75.532 GC heap after
{Heap after GC invocations=11 (full 1):
 garbage-first heap   total 55296K, used 15464K [0x0000000705a00000, 0x0000000800000000)
  region size 2048K, 0 young (0K), 0 survivors (0K)
 Metaspace       used 34811K, committed 35520K, reserved 1114112K
  class space    used 4620K, committed 4928K, reserved 1048576K
}
Event: 146.835 GC heap before
{Heap before GC invocations=11 (full 1):
 garbage-first heap   total 55296K, used 46184K [0x0000000705a00000, 0x0000000800000000)
  region size 2048K, 15 young (30720K), 0 survivors (0K)
 Metaspace       used 34840K, committed 35520K, reserved 1114112K
  class space    used 4627K, committed 4928K, reserved 1048576K
}
Event: 146.838 GC heap after
{Heap after GC invocations=12 (full 1):
 garbage-first heap   total 55296K, used 17890K [0x0000000705a00000, 0x0000000800000000)
  region size 2048K, 2 young (4096K), 2 survivors (4096K)
 Metaspace       used 34840K, committed 35520K, reserved 1114112K
  class space    used 4627K, committed 4928K, reserved 1048576K
}
Event: 146.849 GC heap before
{Heap before GC invocations=12 (full 1):
 garbage-first heap   total 55296K, used 17890K [0x0000000705a00000, 0x0000000800000000)
  region size 2048K, 3 young (6144K), 2 survivors (4096K)
 Metaspace       used 34842K, committed 35520K, reserved 1114112K
  class space    used 4628K, committed 4928K, reserved 1048576K
}
Event: 146.875 GC heap after
{Heap after GC invocations=13 (full 2):
 garbage-first heap   total 49152K, used 12902K [0x0000000705a00000, 0x0000000800000000)
  region size 2048K, 0 young (0K), 0 survivors (0K)
 Metaspace       used 34461K, committed 35520K, reserved 1114112K
  class space    used 4531K, committed 4928K, reserved 1048576K
}
Event: 147.525 GC heap before
{Heap before GC invocations=13 (full 2):
 garbage-first heap   total 49152K, used 41574K [0x0000000705a00000, 0x0000000800000000)
  region size 2048K, 14 young (28672K), 0 survivors (0K)
 Metaspace       used 34610K, committed 35520K, reserved 1114112K
  class space    used 4569K, committed 4928K, reserved 1048576K
}
Event: 147.530 GC heap after
{Heap after GC invocations=14 (full 2):
 garbage-first heap   total 49152K, used 17040K [0x0000000705a00000, 0x0000000800000000)
  region size 2048K, 2 young (4096K), 2 survivors (4096K)
 Metaspace       used 34610K, committed 35520K, reserved 1114112K
  class space    used 4569K, committed 4928K, reserved 1048576K
}
Event: 166.321 GC heap before
{Heap before GC invocations=14 (full 2):
 garbage-first heap   total 49152K, used 21136K [0x0000000705a00000, 0x0000000800000000)
  region size 2048K, 5 young (10240K), 2 survivors (4096K)
 Metaspace       used 34668K, committed 35520K, reserved 1114112K
  class space    used 4579K, committed 4928K, reserved 1048576K
}
Event: 166.349 GC heap after
{Heap after GC invocations=15 (full 3):
 garbage-first heap   total 49152K, used 14678K [0x0000000705a00000, 0x0000000800000000)
  region size 2048K, 0 young (0K), 0 survivors (0K)
 Metaspace       used 34604K, committed 35520K, reserved 1114112K
  class space    used 4564K, committed 4928K, reserved 1048576K
}
Event: 166.545 GC heap before
{Heap before GC invocations=15 (full 3):
 garbage-first heap   total 49152K, used 39254K [0x0000000705a00000, 0x0000000800000000)
  region size 2048K, 12 young (24576K), 0 survivors (0K)
 Metaspace       used 34623K, committed 35520K, reserved 1114112K
  class space    used 4568K, committed 4928K, reserved 1048576K
}
Event: 166.547 GC heap after
{Heap after GC invocations=16 (full 3):
 garbage-first heap   total 49152K, used 17311K [0x0000000705a00000, 0x0000000800000000)
  region size 2048K, 2 young (4096K), 2 survivors (4096K)
 Metaspace       used 34623K, committed 35520K, reserved 1114112K
  class space    used 4568K, committed 4928K, reserved 1048576K
}
Event: 182.277 GC heap before
{Heap before GC invocations=16 (full 3):
 garbage-first heap   total 49152K, used 21407K [0x0000000705a00000, 0x0000000800000000)
  region size 2048K, 5 young (10240K), 2 survivors (4096K)
 Metaspace       used 34628K, committed 35520K, reserved 1114112K
  class space    used 4570K, committed 4928K, reserved 1048576K
}
Event: 182.302 GC heap after
{Heap after GC invocations=17 (full 4):
 garbage-first heap   total 49152K, used 14828K [0x0000000705a00000, 0x0000000800000000)
  region size 2048K, 0 young (0K), 0 survivors (0K)
 Metaspace       used 34626K, committed 35520K, reserved 1114112K
  class space    used 4569K, committed 4928K, reserved 1048576K
}

